<?xml version="1.0" encoding="UTF-8"?>
<testsuite failures="0" errors="0" skipped="0" tests="2" time="13.253617" name="Example test feature">
<testcase classname="Example test feature" name="Searching for kittens &amp; puppies (outline example : | kittens |)" time="7.039440">
  <system-out>
    <![CDATA[]]>
  </system-out>
  <system-err>
    <![CDATA[]]>
  </system-err>
</testcase>
<testcase classname="Example test feature" name="Searching for kittens &amp; puppies (outline example : | puppies |)" time="6.214177">
  <system-out>
    <![CDATA[]]>
  </system-out>
  <system-err>
    <![CDATA[]]>
  </system-err>
</testcase>
</testsuite>
